  [1m[35m (0.8ms)[0m  [1m[34mSELECT sqlite_version(*)[0m
  [1m[35m (0.0ms)[0m  [1m[34mSELECT sqlite_version(*)[0m
  [1m[35m (0.3ms)[0m  [1m[34mSELECT sqlite_version(*)[0m
  [1m[35m (0.4ms)[0m  [1m[35mCREATE TABLE "schema_migrations" ("version" varchar NOT NULL PRIMARY KEY)[0m
  [1m[35m (0.3ms)[0m  [1m[35mCREATE TABLE "ar_internal_metadata" ("key" varchar NOT NULL PRIMARY KEY, "value" varchar, "created_at" datetime(6) NOT NULL, "updated_at" datetime(6) NOT NULL)[0m
  [1m[36mActiveRecord::SchemaMigration Pluck (0.0ms)[0m  [1m[34mSELECT "schema_migrations"."version" FROM "schema_migrations" ORDER BY "schema_migrations"."version" ASC[0m
Migrating to CreateEvents (20220313134908)
  [1m[36mTRANSACTION (0.0ms)[0m  [1m[36mbegin transaction[0m
  [1m[35m (0.2ms)[0m  [1m[35mCREATE TABLE "events" ("id" integer PRIMARY KEY AUTOINCREMENT NOT NULL, "event_type" varchar, "event_date" date, "title" text, "speaker" varchar, "host" varchar, "published" boolean, "created_at" datetime(6) NOT NULL, "updated_at" datetime(6) NOT NULL)[0m
  [1m[36mActiveRecord::SchemaMigration Create (0.1ms)[0m  [1m[32mINSERT INTO "schema_migrations" ("version") VALUES (?)[0m  [["version", "20220313134908"]]
  [1m[36mTRANSACTION (0.4ms)[0m  [1m[36mcommit transaction[0m
  [1m[36mActiveRecord::InternalMetadata Load (0.1ms)[0m  [1m[34mSELECT "ar_internal_metadata".* FROM "ar_internal_metadata" WHERE "ar_internal_metadata"."key" = ? LIMIT ?[0m  [["key", "environment"], ["LIMIT", 1]]
  [1m[36mTRANSACTION (0.0ms)[0m  [1m[36mbegin transaction[0m
  [1m[36mActiveRecord::InternalMetadata Create (0.4ms)[0m  [1m[32mINSERT INTO "ar_internal_metadata" ("key", "value", "created_at", "updated_at") VALUES (?, ?, ?, ?)[0m  [["key", "environment"], ["value", "development"], ["created_at", "2022-06-24 16:31:38.824373"], ["updated_at", "2022-06-24 16:31:38.824373"]]
  [1m[36mTRANSACTION (0.3ms)[0m  [1m[36mcommit transaction[0m
  [1m[35m (0.0ms)[0m  [1m[34mSELECT sqlite_version(*)[0m
  [1m[36mActiveRecord::SchemaMigration Pluck (0.0ms)[0m  [1m[34mSELECT "schema_migrations"."version" FROM "schema_migrations" ORDER BY "schema_migrations"."version" ASC[0m
  [1m[35m (0.4ms)[0m  [1m[34mSELECT sqlite_version(*)[0m
  [1m[36mActiveRecord::SchemaMigration Pluck (0.0ms)[0m  [1m[34mSELECT "schema_migrations"."version" FROM "schema_migrations" ORDER BY "schema_migrations"."version" ASC[0m
  [1m[35m (0.0ms)[0m  [1m[34mSELECT sqlite_version(*)[0m
  [1m[36mTRANSACTION (0.0ms)[0m  [1m[36mbegin transaction[0m
  [1m[36mEvent Create (0.2ms)[0m  [1m[32mINSERT INTO "events" ("event_type", "event_date", "title", "speaker", "host", "published", "created_at", "updated_at") VALUES (?, ?, ?, ?, ?, ?, ?, ?)[0m  [["event_type", "Symposium"], ["event_date", "2022-07-14"], ["title", "Ada Lovelace — The Making of a Computer Scientist"], ["speaker", "Monica S. Lam, Yoky Matsuoka, Dorit Aharonov"], ["host", "Ursula Martin"], ["published", 0], ["created_at", "2022-06-24 16:31:46.800948"], ["updated_at", "2022-06-24 16:31:46.800948"]]
  [1m[36mTRANSACTION (0.2ms)[0m  [1m[36mcommit transaction[0m
  [1m[36mTRANSACTION (0.0ms)[0m  [1m[36mbegin transaction[0m
  [1m[36mEvent Create (0.1ms)[0m  [1m[32mINSERT INTO "events" ("event_type", "event_date", "title", "speaker", "host", "published", "created_at", "updated_at") VALUES (?, ?, ?, ?, ?, ?, ?, ?)[0m  [["event_type", "Colloquium"], ["event_date", "2022-04-12"], ["title", "Scholasticism in Medieval and Early Modern History"], ["speaker", "Robin Fleming"], ["host", "Henry Louis Gates Jr."], ["published", 1], ["created_at", "2022-06-24 16:31:46.803812"], ["updated_at", "2022-06-24 16:31:46.803812"]]
  [1m[36mTRANSACTION (0.2ms)[0m  [1m[36mcommit transaction[0m
  [1m[36mTRANSACTION (0.0ms)[0m  [1m[36mbegin transaction[0m
  [1m[36mEvent Create (0.1ms)[0m  [1m[32mINSERT INTO "events" ("event_type", "event_date", "title", "speaker", "host", "published", "created_at", "updated_at") VALUES (?, ?, ?, ?, ?, ?, ?, ?)[0m  [["event_type", "Symposium"], ["event_date", "2022-03-30"], ["title", "Charles II and the English Restoration"], ["speaker", "Kate Williams, Patrick Morrah, Charles Spencer"], ["host", "Lucy Worsley"], ["published", 1], ["created_at", "2022-06-24 16:31:46.804935"], ["updated_at", "2022-06-24 16:31:46.804935"]]
  [1m[36mTRANSACTION (0.2ms)[0m  [1m[36mcommit transaction[0m
  [1m[36mTRANSACTION (0.0ms)[0m  [1m[36mbegin transaction[0m
  [1m[36mEvent Create (0.1ms)[0m  [1m[32mINSERT INTO "events" ("event_type", "event_date", "title", "speaker", "host", "published", "created_at", "updated_at") VALUES (?, ?, ?, ?, ?, ?, ?, ?)[0m  [["event_type", "Symposium"], ["event_date", "2022-03-01"], ["title", "Remembering the Titanic, One of the Greatest Ever Maritime Tragedies"], ["speaker", "William Hazelgrove, Lauren Tarshis, Andrew Wilson"], ["host", "Dan Snow"], ["published", 1], ["created_at", "2022-06-24 16:31:46.806018"], ["updated_at", "2022-06-24 16:31:46.806018"]]
  [1m[36mTRANSACTION (0.2ms)[0m  [1m[36mcommit transaction[0m
  [1m[36mTRANSACTION (0.0ms)[0m  [1m[36mbegin transaction[0m
  [1m[36mEvent Create (0.1ms)[0m  [1m[32mINSERT INTO "events" ("event_type", "event_date", "title", "speaker", "host", "published", "created_at", "updated_at") VALUES (?, ?, ?, ?, ?, ?, ?, ?)[0m  [["event_type", "Symposium"], ["event_date", "2022-02-07"], ["title", "Symbolism in Portraits of Queen Elizabeth I"], ["speaker", "David Starkey, Susan Doran, Alison Weir"], ["host", "Suzannah Lipscomb"], ["published", 1], ["created_at", "2022-06-24 16:31:46.807130"], ["updated_at", "2022-06-24 16:31:46.807130"]]
  [1m[36mTRANSACTION (0.2ms)[0m  [1m[36mcommit transaction[0m
  [1m[36mTRANSACTION (0.0ms)[0m  [1m[36mbegin transaction[0m
  [1m[36mEvent Create (0.1ms)[0m  [1m[32mINSERT INTO "events" ("event_type", "event_date", "title", "speaker", "host", "published", "created_at", "updated_at") VALUES (?, ?, ?, ?, ?, ?, ?, ?)[0m  [["event_type", "Colloquium"], ["event_date", "2021-12-19"], ["title", "A Brief History Of China's Dynasties"], ["speaker", "Iris Chang"], ["host", "Pamela Kyle Crossley"], ["published", 1], ["created_at", "2022-06-24 16:31:46.808225"], ["updated_at", "2022-06-24 16:31:46.808225"]]
  [1m[36mTRANSACTION (0.2ms)[0m  [1m[36mcommit transaction[0m
Started GET "/" for ::1 at 2022-06-25 01:33:14 +0900
  [1m[35m (0.6ms)[0m  [1m[34mSELECT sqlite_version(*)[0m
  [1m[36mActiveRecord::SchemaMigration Pluck (0.1ms)[0m  [1m[34mSELECT "schema_migrations"."version" FROM "schema_migrations" ORDER BY "schema_migrations"."version" ASC[0m
Started GET "/events" for ::1 at 2022-06-25 01:33:14 +0900
Processing by SiteController#index as HTML
  Rendering layout layouts/application.html.erb
  Rendering site/index.html.erb within layouts/application
  Rendered site/index.html.erb within layouts/application (Duration: 3.1ms | Allocations: 560)
  Rendered layout layouts/application.html.erb (Duration: 290.7ms | Allocations: 101486)
Completed 200 OK in 301ms (Views: 295.7ms | ActiveRecord: 0.0ms | Allocations: 108618)


Started GET "/api/events.json" for ::1 at 2022-06-25 01:33:14 +0900
Processing by Api::EventsController#index as JSON
  [1m[36mEvent Load (0.3ms)[0m  [1m[34mSELECT "events".* FROM "events"[0m
  ↳ app/controllers/api/events_controller.rb:8:in `index'
Completed 200 OK in 10ms (Views: 8.3ms | ActiveRecord: 0.4ms | Allocations: 12922)


Started GET "/api/events.json" for ::1 at 2022-06-25 01:33:14 +0900
Processing by Api::EventsController#index as JSON
  [1m[36mEvent Load (0.1ms)[0m  [1m[34mSELECT "events".* FROM "events"[0m
  ↳ app/controllers/api/events_controller.rb:8:in `index'
Completed 200 OK in 1ms (Views: 1.0ms | ActiveRecord: 0.1ms | Allocations: 1756)


Started GET "/" for ::1 at 2022-06-25 01:34:41 +0900
Started GET "/events" for ::1 at 2022-06-25 01:34:41 +0900
Processing by SiteController#index as HTML
  Rendering layout layouts/application.html.erb
  Rendering site/index.html.erb within layouts/application
  Rendered site/index.html.erb within layouts/application (Duration: 0.5ms | Allocations: 20)
  Rendered layout layouts/application.html.erb (Duration: 14.2ms | Allocations: 1817)
Completed 200 OK in 17ms (Views: 15.6ms | ActiveRecord: 0.0ms | Allocations: 2098)


Started GET "/api/events.json" for ::1 at 2022-06-25 01:34:41 +0900
Processing by Api::EventsController#index as JSON
  [1m[36mEvent Load (0.4ms)[0m  [1m[34mSELECT "events".* FROM "events"[0m
  ↳ app/controllers/api/events_controller.rb:8:in `index'
Completed 200 OK in 4ms (Views: 3.4ms | ActiveRecord: 0.4ms | Allocations: 1690)


Started GET "/api/events.json" for ::1 at 2022-06-25 01:34:41 +0900
Processing by Api::EventsController#index as JSON
  [1m[36mEvent Load (0.1ms)[0m  [1m[34mSELECT "events".* FROM "events"[0m
  ↳ app/controllers/api/events_controller.rb:8:in `index'
Completed 200 OK in 2ms (Views: 1.2ms | ActiveRecord: 0.1ms | Allocations: 1677)


Started POST "/api/events.json" for ::1 at 2022-06-25 01:37:44 +0900
Processing by Api::EventsController#create as JSON
  Parameters: {"event_type"=>"task", "event_date"=>"2022-06-25", "title"=>"python install @sho.kobayashi\n", "speaker"=>"yamada", "host"=>"yamada", "published"=>true, "event"=>{"event_type"=>"task", "event_date"=>"2022-06-25", "title"=>"python install @sho.kobayashi\n", "speaker"=>"yamada", "host"=>"yamada", "published"=>true}}
Can't verify CSRF token authenticity.
  [1m[36mTRANSACTION (0.3ms)[0m  [1m[36mbegin transaction[0m
  ↳ app/controllers/api/events_controller.rb:18:in `create'
  [1m[36mEvent Create (1.2ms)[0m  [1m[32mINSERT INTO "events" ("event_type", "event_date", "title", "speaker", "host", "published", "created_at", "updated_at") VALUES (?, ?, ?, ?, ?, ?, ?, ?)[0m  [["event_type", "task"], ["event_date", "2022-06-25"], ["title", "python install @sho.kobayashi\n"], ["speaker", "yamada"], ["host", "yamada"], ["published", 1], ["created_at", "2022-06-24 16:37:44.322850"], ["updated_at", "2022-06-24 16:37:44.322850"]]
  ↳ app/controllers/api/events_controller.rb:18:in `create'
  [1m[36mTRANSACTION (0.7ms)[0m  [1m[36mcommit transaction[0m
  ↳ app/controllers/api/events_controller.rb:18:in `create'
Completed 201 Created in 21ms (Views: 0.8ms | ActiveRecord: 2.2ms | Allocations: 3458)


Started GET "/events/" for ::1 at 2022-06-26 00:23:53 +0900
  [1m[35m (0.6ms)[0m  [1m[34mSELECT sqlite_version(*)[0m
  [1m[36mActiveRecord::SchemaMigration Pluck (0.1ms)[0m  [1m[34mSELECT "schema_migrations"."version" FROM "schema_migrations" ORDER BY "schema_migrations"."version" ASC[0m
Processing by SiteController#index as HTML
  Rendering layout layouts/application.html.erb
  Rendering site/index.html.erb within layouts/application
  Rendered site/index.html.erb within layouts/application (Duration: 1.6ms | Allocations: 456)
  Rendered layout layouts/application.html.erb (Duration: 36.5ms | Allocations: 20689)
Completed 200 OK in 48ms (Views: 39.5ms | ActiveRecord: 0.0ms | Allocations: 26624)


Started GET "/api/events.json" for ::1 at 2022-06-26 00:23:53 +0900
Processing by Api::EventsController#index as JSON
  [1m[36mEvent Load (0.4ms)[0m  [1m[34mSELECT "events".* FROM "events"[0m
  ↳ app/controllers/api/events_controller.rb:8:in `index'
Completed 200 OK in 8ms (Views: 6.2ms | ActiveRecord: 0.7ms | Allocations: 13001)


Started GET "/api/events.json" for ::1 at 2022-06-26 00:23:53 +0900
Processing by Api::EventsController#index as JSON
  [1m[36mEvent Load (0.7ms)[0m  [1m[34mSELECT "events".* FROM "events"[0m
  ↳ app/controllers/api/events_controller.rb:8:in `index'
Completed 200 OK in 2ms (Views: 1.5ms | ActiveRecord: 0.7ms | Allocations: 1917)


